INFO:root:Menjalankan Program sample_data
INFO:root:Terjadi kesalahan: File tidak berhasil diunduh dalam batas waktu yang ditentukan.
Traceback (most recent call last):
  File "/home/rajab/laravel/myproject/realco_dashboard/scripts/sample_data.py", line 39, in <module>
    raise FileNotFoundError("File tidak berhasil diunduh dalam batas waktu yang ditentukan.")
FileNotFoundError: File tidak berhasil diunduh dalam batas waktu yang ditentukan.

WARNING:urllib3.connectionpool:Retrying (Retry(total=2, connect=None, read=None, redirect=None, status=None)) after connection broken by 'NewConnectionError('<urllib3.connection.HTTPConnection object at 0x7f11b7ee7dc0>: Failed to establish a new connection: [Errno 111] Connection refused')': /session/65a7ea59e6a383261a5211ed4eb4f2db
WARNING:urllib3.connectionpool:Retrying (Retry(total=1, connect=None, read=None, redirect=None, status=None)) after connection broken by 'NewConnectionError('<urllib3.connection.HTTPConnection object at 0x7f11b7ee7d90>: Failed to establish a new connection: [Errno 111] Connection refused')': /session/65a7ea59e6a383261a5211ed4eb4f2db
WARNING:urllib3.connectionpool:Retrying (Retry(total=0, connect=None, read=None, redirect=None, status=None)) after connection broken by 'NewConnectionError('<urllib3.connection.HTTPConnection object at 0x7f11b7ee7fa0>: Failed to establish a new connection: [Errno 111] Connection refused')': /session/65a7ea59e6a383261a5211ed4eb4f2db
INFO:root:Menjalankan Program sample_data
INFO:root:Terjadi kesalahan: File tidak berhasil diunduh dalam batas waktu yang ditentukan.
Traceback (most recent call last):
  File "/home/rajab/laravel/myproject/realco_dashboard/scripts/sample_data.py", line 39, in <module>
    raise FileNotFoundError("File tidak berhasil diunduh dalam batas waktu yang ditentukan.")
FileNotFoundError: File tidak berhasil diunduh dalam batas waktu yang ditentukan.

WARNING:urllib3.connectionpool:Retrying (Retry(total=2, connect=None, read=None, redirect=None, status=None)) after connection broken by 'NewConnectionError('<urllib3.connection.HTTPConnection object at 0x7f8ec27bbd90>: Failed to establish a new connection: [Errno 111] Connection refused')': /session/f8434018e1c7cd6e4712b945964ebe32
WARNING:urllib3.connectionpool:Retrying (Retry(total=1, connect=None, read=None, redirect=None, status=None)) after connection broken by 'NewConnectionError('<urllib3.connection.HTTPConnection object at 0x7f8ec27bbd60>: Failed to establish a new connection: [Errno 111] Connection refused')': /session/f8434018e1c7cd6e4712b945964ebe32
WARNING:urllib3.connectionpool:Retrying (Retry(total=0, connect=None, read=None, redirect=None, status=None)) after connection broken by 'NewConnectionError('<urllib3.connection.HTTPConnection object at 0x7f8ec27bbf70>: Failed to establish a new connection: [Errno 111] Connection refused')': /session/f8434018e1c7cd6e4712b945964ebe32
INFO:root:Menjalankan Program sample_data
INFO:root:Menjalankan Program sample_data
INFO:root:Menjalankan Program sample_data
INFO:root:Menjalankan Program sample_data
INFO:root:Menjalankan Program sample_data
INFO:root:Menjalankan Program sample_data
INFO:root:Menjalankan Program sample_data
INFO:root:Menjalankan Program sample_data
INFO:root:Menjalankan Program sample_data
INFO:root:Menjalankan Program sample_data
INFO:root:Menjalankan Program sample_data
INFO:root:Menjalankan Program sample_data
INFO:root:Menjalankan Program sample_data
INFO:root:Menjalankan Program sample_data
INFO:root:Menjalankan Program sample_data
INFO:root:Menjalankan Program sample_data
INFO:root:Menjalankan Program sample_data
INFO:root:Menjalankan Program sample_data
INFO:root:Menjalankan Program sample_data
INFO:root:Menjalankan Program sample_data
INFO:root:Menjalankan Program sample_data
INFO:root:Menjalankan Program sample_data
INFO:root:Menjalankan Program sample_data
INFO:root:Menjalankan Program sample_data
INFO:root:Menjalankan Program sample_data
INFO:root:Menjalankan Program sample_data
INFO:root:Menjalankan Program sample_data
INFO:root:Menjalankan Program sample_data
INFO:root:Menjalankan Program sample_data
INFO:root:Menjalankan Program sample_data
INFO:root:Menjalankan Program sample_data
INFO:root:Menjalankan Program sample_data
INFO:root:Menjalankan Program sample_data
INFO:root:Menjalankan Program sample_data
INFO:root:Menjalankan Program sample_data
INFO:root:Menjalankan Program sample_data
INFO:root:Menjalankan Program sample_data
INFO:root:Menjalankan Program sample_data
INFO:root:Menjalankan Program sample_data
INFO:root:Menjalankan Program sample_data
INFO:root:Menjalankan Program sample_data
INFO:root:Menjalankan Program sample_data
INFO:root:Menjalankan Program sample_data
INFO:root:Menjalankan Program sample_data
INFO:root:Menjalankan Program sample_data
INFO:root:Menjalankan Program sample_data
INFO:root:Menjalankan Program sample_data
INFO:root:Menjalankan Program sample_data
INFO:root:Menjalankan Program sample_data
INFO:root:Menjalankan Program sample_data
INFO:root:Menjalankan Program sample_data
INFO:root:Menjalankan Program sample_data
INFO:root:Menjalankan Program sample_data
INFO:root:Menjalankan Program sample_data
INFO:root:Menjalankan Program sample_data
INFO:root:Menjalankan Program sample_data
INFO:root:Menjalankan Program sample_data
INFO:root:Menjalankan Program sample_data
INFO:root:Menjalankan Program sample_data
INFO:root:Menjalankan Program sample_data
INFO:root:Menjalankan Program sample_data
INFO:root:Menjalankan Program sample_data
INFO:root:Menjalankan Program sample_data
INFO:root:Menjalankan Program sample_data
INFO:root:Menjalankan Program sample_data
INFO:root:Menjalankan Program sample_data
INFO:root:Menjalankan Program sample_data
INFO:root:Menjalankan Program sample_data
INFO:root:Menjalankan Program sample_data
INFO:root:Menjalankan Program sample_data
INFO:root:Menjalankan Program sample_data
INFO:root:Menjalankan Program sample_data
INFO:root:Menjalankan Program sample_data
INFO:root:Menjalankan Program sample_data
INFO:root:Menjalankan Program sample_data
INFO:root:Menjalankan Program sample_data
INFO:root:Menjalankan Program sample_data
INFO:root:Menjalankan Program sample_data
INFO:root:Menjalankan Program sample_data
INFO:root:Menjalankan Program sample_data
INFO:root:Menjalankan Program sample_data
INFO:root:Menjalankan Program sample_data
INFO:root:Menjalankan Program sample_data
INFO:root:Menjalankan Program sample_data
INFO:root:Menjalankan Program sample_data
INFO:root:Menjalankan Program sample_data
INFO:root:Menjalankan Program sample_data
INFO:root:Menjalankan Program sample_data
INFO:root:Menjalankan Program sample_data
INFO:root:Menjalankan Program sample_data
INFO:root:Menjalankan Program sample_data
INFO:root:Menjalankan Program sample_data
INFO:root:Menjalankan Program sample_data
INFO:root:Menjalankan Program sample_data
INFO:root:Menjalankan Program sample_data
INFO:root:Menjalankan Program sample_data
INFO:root:Menjalankan Program sample_data
INFO:root:Menjalankan Program sample_data
INFO:root:Menjalankan Program sample_data
INFO:root:Menjalankan Program sample_data
INFO:root:Menjalankan Program sample_data
INFO:root:Menjalankan Program sample_data
INFO:root:Menjalankan Program sample_data
INFO:root:Menjalankan Program sample_data
INFO:root:Menjalankan Program sample_data
INFO:root:Menjalankan Program sample_data
INFO:root:Menjalankan Program sample_data
INFO:root:Menjalankan Program sample_data
INFO:root:Menjalankan Program sample_data
INFO:root:Menjalankan Program sample_data
INFO:root:Menjalankan Program sample_data
INFO:root:Menjalankan Program sample_data
INFO:root:Menjalankan Program sample_data
INFO:root:Menjalankan Program sample_data
INFO:root:Menjalankan Program sample_data
INFO:root:Menjalankan Program sample_data
INFO:root:Menjalankan Program sample_data
INFO:root:Menjalankan Program sample_data
INFO:root:Menjalankan Program sample_data
INFO:root:Menjalankan Program sample_data
INFO:root:Menjalankan Program sample_data
INFO:root:Menjalankan Program sample_data
INFO:root:Menjalankan Program sample_data
INFO:root:Menjalankan Program sample_data
INFO:root:Menjalankan Program sample_data
INFO:root:Menjalankan Program sample_data
INFO:root:Menjalankan Program sample_data
INFO:root:Menjalankan Program sample_data
INFO:root:Menjalankan Program sample_data
INFO:root:Menjalankan Program sample_data
INFO:root:Menjalankan Program sample_data
INFO:root:Menjalankan Program sample_data
INFO:root:Menjalankan Program sample_data
INFO:root:Menjalankan Program sample_data
INFO:root:Menjalankan Program sample_data
INFO:root:Menjalankan Program sample_data
INFO:root:Menjalankan Program sample_data
INFO:root:Menjalankan Program sample_data
INFO:root:Menjalankan Program sample_data
INFO:root:Menjalankan Program sample_data
INFO:root:Menjalankan Program sample_data
INFO:root:Menjalankan Program sample_data
INFO:root:Menjalankan Program sample_data
INFO:root:Menjalankan Program sample_data
INFO:root:Menjalankan Program sample_data
INFO:root:Menjalankan Program sample_data
INFO:root:Menjalankan Program sample_data
INFO:root:Menjalankan Program sample_data
INFO:root:Menjalankan Program sample_data
INFO:root:Menjalankan Program sample_data
INFO:root:Menjalankan Program sample_data
INFO:root:Menjalankan Program sample_data
INFO:root:Menjalankan Program sample_data
INFO:root:Menjalankan Program sample_data
INFO:root:Menjalankan Program sample_data
INFO:root:Menjalankan Program sample_data
INFO:root:Menjalankan Program sample_data
INFO:root:Menjalankan Program sample_data
INFO:root:Menjalankan Program sample_data
INFO:root:Menjalankan Program sample_data
INFO:root:Menjalankan Program sample_data
INFO:root:Menjalankan Program sample_data
INFO:root:Menjalankan Program sample_data
INFO:root:Menjalankan Program sample_data
INFO:root:Menjalankan Program sample_data
INFO:root:Menjalankan Program sample_data
INFO:root:Menjalankan Program sample_data
INFO:root:Menjalankan Program sample_data
INFO:root:Menjalankan Program sample_data
INFO:root:Menjalankan Program sample_data
INFO:root:Menjalankan Program sample_data
INFO:root:Menjalankan Program sample_data
INFO:root:Menjalankan Program sample_data
INFO:root:Menjalankan Program sample_data
INFO:root:Menjalankan Program sample_data
INFO:root:Menjalankan Program sample_data
INFO:root:Menjalankan Program sample_data
INFO:root:Menjalankan Program sample_data
INFO:root:Menjalankan Program sample_data
INFO:root:Menjalankan Program sample_data
INFO:root:Menjalankan Program sample_data
INFO:root:Menjalankan Program sample_data
INFO:root:Menjalankan Program sample_data
INFO:root:Menjalankan Program sample_data
INFO:root:Menjalankan Program sample_data
INFO:root:Menjalankan Program sample_data
INFO:root:Menjalankan Program sample_data
INFO:root:Menjalankan Program sample_data
INFO:root:Menjalankan Program sample_data
INFO:root:Menjalankan Program sample_data
INFO:root:Menjalankan Program sample_data
INFO:root:Menjalankan Program sample_data
INFO:root:Menjalankan Program sample_data
INFO:root:Menjalankan Program sample_data
INFO:root:Menjalankan Program sample_data
INFO:root:Menjalankan Program sample_data
INFO:root:Menjalankan Program sample_data
INFO:root:Menjalankan Program sample_data
INFO:root:Menjalankan Program sample_data
INFO:root:Menjalankan Program sample_data
INFO:root:Menjalankan Program sample_data
INFO:root:Menjalankan Program sample_data
INFO:root:Menjalankan Program sample_data
INFO:root:Menjalankan Program sample_data
INFO:root:Menjalankan Program sample_data
INFO:root:Menjalankan Program sample_data
INFO:root:Menjalankan Program sample_data
INFO:root:Menjalankan Program sample_data
INFO:root:Menjalankan Program sample_data
INFO:root:Menjalankan Program sample_data
INFO:root:Menjalankan Program sample_data
INFO:root:Menjalankan Program sample_data
INFO:root:Menjalankan Program sample_data
INFO:root:Menjalankan Program sample_data
INFO:root:Menjalankan Program sample_data
INFO:root:Menjalankan Program sample_data
INFO:root:Menjalankan Program sample_data
INFO:root:Menjalankan Program sample_data
INFO:root:Menjalankan Program sample_data
INFO:root:Menjalankan Program sample_data
INFO:root:Menjalankan Program sample_data
INFO:root:Menjalankan Program sample_data
INFO:root:Menjalankan Program sample_data
INFO:root:Menjalankan Program sample_data
INFO:root:Menjalankan Program sample_data
INFO:root:Menjalankan Program sample_data
INFO:root:Menjalankan Program sample_data
INFO:root:Menjalankan Program sample_data
INFO:root:Menjalankan Program sample_data
INFO:root:Menjalankan Program sample_data
INFO:root:Menjalankan Program sample_data
INFO:root:Menjalankan Program sample_data
INFO:root:Menjalankan Program sample_data
INFO:root:Menjalankan Program sample_data
INFO:root:Menjalankan Program sample_data
INFO:root:Menjalankan Program sample_data
INFO:root:Menjalankan Program sample_data
INFO:root:Menjalankan Program sample_data
INFO:root:Menjalankan Program sample_data
INFO:root:Menjalankan Program sample_data
INFO:root:Menjalankan Program sample_data
INFO:root:Menjalankan Program sample_data
INFO:root:Menjalankan Program sample_data
INFO:root:Menjalankan Program sample_data
INFO:root:Menjalankan Program sample_data
INFO:root:Menjalankan Program sample_data
INFO:root:Menjalankan Program sample_data
INFO:root:Menjalankan Program sample_data
INFO:root:Menjalankan Program sample_data
INFO:root:Menjalankan Program sample_data
INFO:root:Menjalankan Program sample_data
INFO:root:Menjalankan Program sample_data
INFO:root:Menjalankan Program sample_data
INFO:root:Menjalankan Program sample_data
INFO:root:Menjalankan Program sample_data
INFO:root:Menjalankan Program sample_data
INFO:root:Menjalankan Program sample_data
INFO:root:Menjalankan Program sample_data
INFO:root:Menjalankan Program sample_data
INFO:root:Menjalankan Program sample_data
INFO:root:Menjalankan Program sample_data
