INFO:root:ID : 22 , Type : shopee_brand_portal_ads , Untuk Data Tanggal =  Year: 2024, Month: Jun, Day: 8
INFO:undetected_chromedriver.patcher:patching driver executable /home/rajab/.local/share/undetected_chromedriver/undetected_chromedriver
ERROR:root:Terjadi Kesalahan : Message: 
Stacktrace:
#0 0x562eb9be8e3a <unknown>
#1 0x562eb98d245c <unknown>
#2 0x562eb991e5b5 <unknown>
#3 0x562eb991e671 <unknown>
#4 0x562eb9962f14 <unknown>
#5 0x562eb99414dd <unknown>
#6 0x562eb99602cc <unknown>
#7 0x562eb9941253 <unknown>
#8 0x562eb99111c7 <unknown>
#9 0x562eb9911b3e <unknown>
#10 0x562eb9baf27b <unknown>
#11 0x562eb9bb3327 <unknown>
#12 0x562eb9b9bdae <unknown>
#13 0x562eb9bb3df2 <unknown>
#14 0x562eb9b8074f <unknown>
#15 0x562eb9bd8128 <unknown>
#16 0x562eb9bd82fb <unknown>
#17 0x562eb9be7f6c <unknown>
#18 0x7fd972f5eac3 <unknown>

INFO:root:ID : 22 , Type : shopee_brand_portal_ads , Untuk Data Tanggal =  Year: 2024, Month: Jun, Day: 8
INFO:undetected_chromedriver.patcher:patching driver executable /home/rajab/.local/share/undetected_chromedriver/undetected_chromedriver
ERROR:root:Terjadi Kesalahan : Message: 
Stacktrace:
#0 0x562cf29f4e3a <unknown>
#1 0x562cf26de45c <unknown>
#2 0x562cf272a5b5 <unknown>
#3 0x562cf272a671 <unknown>
#4 0x562cf276ef14 <unknown>
#5 0x562cf274d4dd <unknown>
#6 0x562cf276c2cc <unknown>
#7 0x562cf274d253 <unknown>
#8 0x562cf271d1c7 <unknown>
#9 0x562cf271db3e <unknown>
#10 0x562cf29bb27b <unknown>
#11 0x562cf29bf327 <unknown>
#12 0x562cf29a7dae <unknown>
#13 0x562cf29bfdf2 <unknown>
#14 0x562cf298c74f <unknown>
#15 0x562cf29e4128 <unknown>
#16 0x562cf29e42fb <unknown>
#17 0x562cf29f3f6c <unknown>
#18 0x7f97018c1ac3 <unknown>

INFO:root:ID : 22 , Type : shopee_brand_portal_ads , Untuk Data Tanggal =  Year: 2024, Month: Jun, Day: 7
INFO:undetected_chromedriver.patcher:patching driver executable /home/rajab/.local/share/undetected_chromedriver/undetected_chromedriver
ERROR:root:Terjadi Kesalahan : Message: element not interactable
  (Session info: chrome=125.0.6422.141)
Stacktrace:
#0 0x5605b5cb9e3a <unknown>
#1 0x5605b59a32a1 <unknown>
#2 0x5605b59f070f <unknown>
#3 0x5605b59e40ff <unknown>
#4 0x5605b5a124b2 <unknown>
#5 0x5605b59e3a79 <unknown>
#6 0x5605b5a1267e <unknown>
#7 0x5605b5a312cc <unknown>
#8 0x5605b5a12253 <unknown>
#9 0x5605b59e21c7 <unknown>
#10 0x5605b59e2b3e <unknown>
#11 0x5605b5c8027b <unknown>
#12 0x5605b5c84327 <unknown>
#13 0x5605b5c6cdae <unknown>
#14 0x5605b5c84df2 <unknown>
#15 0x5605b5c5174f <unknown>
#16 0x5605b5ca9128 <unknown>
#17 0x5605b5ca92fb <unknown>
#18 0x5605b5cb8f6c <unknown>
#19 0x7fa90a11fac3 <unknown>

INFO:root:ID : 22 , Type : shopee_brand_portal_ads , Untuk Data Tanggal =  Year: 2024, Month: Jun, Day: 7
INFO:undetected_chromedriver.patcher:patching driver executable /home/rajab/.local/share/undetected_chromedriver/undetected_chromedriver
ERROR:root:Terjadi Kesalahan : Message: 
Stacktrace:
#0 0x557ca947fe3a <unknown>
#1 0x557ca916945c <unknown>
#2 0x557ca91b55b5 <unknown>
#3 0x557ca91b5671 <unknown>
#4 0x557ca91f9f14 <unknown>
#5 0x557ca91d84dd <unknown>
#6 0x557ca91f72cc <unknown>
#7 0x557ca91d8253 <unknown>
#8 0x557ca91a81c7 <unknown>
#9 0x557ca91a8b3e <unknown>
#10 0x557ca944627b <unknown>
#11 0x557ca944a327 <unknown>
#12 0x557ca9432dae <unknown>
#13 0x557ca944adf2 <unknown>
#14 0x557ca941774f <unknown>
#15 0x557ca946f128 <unknown>
#16 0x557ca946f2fb <unknown>
#17 0x557ca947ef6c <unknown>
#18 0x7f6954b92ac3 <unknown>

INFO:root:ID : 22 , Type : shopee_brand_portal_ads , Untuk Data Tanggal =  Year: 2024, Month: Jun, Day: 7
INFO:undetected_chromedriver.patcher:patching driver executable /home/rajab/.local/share/undetected_chromedriver/undetected_chromedriver
INFO:root:ID : 8 , Type : shopee_brand_portal_ads , Untuk Data Tanggal =  Year: 2024, Month: Jun, Day: 2
INFO:undetected_chromedriver.patcher:patching driver executable /home/rajab/.local/share/undetected_chromedriver/undetected_chromedriver
ERROR:root:Terjadi Kesalahan : Message: unknown error: cannot connect to chrome at 127.0.0.1:43603
from chrome not reachable
Stacktrace:
#0 0x5588d8247e3a <unknown>
#1 0x5588d7f312a1 <unknown>
#2 0x5588d7f1b96f <unknown>
#3 0x5588d7f6b825 <unknown>
#4 0x5588d7f620b4 <unknown>
#5 0x5588d7facb19 <unknown>
#6 0x5588d7fa0253 <unknown>
#7 0x5588d7f701c7 <unknown>
#8 0x5588d7f70b3e <unknown>
#9 0x5588d820e27b <unknown>
#10 0x5588d8212327 <unknown>
#11 0x5588d81fadae <unknown>
#12 0x5588d8212df2 <unknown>
#13 0x5588d81df74f <unknown>
#14 0x5588d8237128 <unknown>
#15 0x5588d82372fb <unknown>
#16 0x5588d8246f6c <unknown>
#17 0x7f1695c6bac3 <unknown>

INFO:root:ID : 9 , Type : shopee_brand_portal_ads , Untuk Data Tanggal =  Year: 2024, Month: Jun, Day: 3
INFO:undetected_chromedriver.patcher:patching driver executable /home/rajab/.local/share/undetected_chromedriver/undetected_chromedriver
ERROR:root:Terjadi Kesalahan : Message: unknown error: cannot connect to chrome at 127.0.0.1:57253
from chrome not reachable
Stacktrace:
#0 0x55dd14c81e3a <unknown>
#1 0x55dd1496b2a1 <unknown>
#2 0x55dd1495596f <unknown>
#3 0x55dd149a5825 <unknown>
#4 0x55dd1499c0b4 <unknown>
#5 0x55dd149e6b19 <unknown>
#6 0x55dd149da253 <unknown>
#7 0x55dd149aa1c7 <unknown>
#8 0x55dd149aab3e <unknown>
#9 0x55dd14c4827b <unknown>
#10 0x55dd14c4c327 <unknown>
#11 0x55dd14c34dae <unknown>
#12 0x55dd14c4cdf2 <unknown>
#13 0x55dd14c1974f <unknown>
#14 0x55dd14c71128 <unknown>
#15 0x55dd14c712fb <unknown>
#16 0x55dd14c80f6c <unknown>
#17 0x7fc7afbccac3 <unknown>

INFO:root:ID : 10 , Type : shopee_brand_portal_ads , Untuk Data Tanggal =  Year: 2024, Month: Jun, Day: 4
INFO:undetected_chromedriver.patcher:patching driver executable /home/rajab/.local/share/undetected_chromedriver/undetected_chromedriver
ERROR:root:Terjadi Kesalahan : Message: unknown error: cannot connect to chrome at 127.0.0.1:42835
from chrome not reachable
Stacktrace:
#0 0x564ef8536e3a <unknown>
#1 0x564ef82202a1 <unknown>
#2 0x564ef820a96f <unknown>
#3 0x564ef825a825 <unknown>
#4 0x564ef82510b4 <unknown>
#5 0x564ef829bb19 <unknown>
#6 0x564ef828f253 <unknown>
#7 0x564ef825f1c7 <unknown>
#8 0x564ef825fb3e <unknown>
#9 0x564ef84fd27b <unknown>
#10 0x564ef8501327 <unknown>
#11 0x564ef84e9dae <unknown>
#12 0x564ef8501df2 <unknown>
#13 0x564ef84ce74f <unknown>
#14 0x564ef8526128 <unknown>
#15 0x564ef85262fb <unknown>
#16 0x564ef8535f6c <unknown>
#17 0x7fe731a5bac3 <unknown>

INFO:root:ID : 26 , Type : shopee_brand_portal_ads , Untuk Data Tanggal =  Year: 2024, Month: Jun, Day: 9
INFO:undetected_chromedriver.patcher:patching driver executable /home/rajab/.local/share/undetected_chromedriver/undetected_chromedriver
ERROR:root:Terjadi Kesalahan : Message: element not interactable
  (Session info: chrome=125.0.6422.141)
Stacktrace:
#0 0x55f5ae899e3a <unknown>
#1 0x55f5ae5832a1 <unknown>
#2 0x55f5ae5d070f <unknown>
#3 0x55f5ae5c40ff <unknown>
#4 0x55f5ae5f24b2 <unknown>
#5 0x55f5ae5c3a79 <unknown>
#6 0x55f5ae5f267e <unknown>
#7 0x55f5ae6112cc <unknown>
#8 0x55f5ae5f2253 <unknown>
#9 0x55f5ae5c21c7 <unknown>
#10 0x55f5ae5c2b3e <unknown>
#11 0x55f5ae86027b <unknown>
#12 0x55f5ae864327 <unknown>
#13 0x55f5ae84cdae <unknown>
#14 0x55f5ae864df2 <unknown>
#15 0x55f5ae83174f <unknown>
#16 0x55f5ae889128 <unknown>
#17 0x55f5ae8892fb <unknown>
#18 0x55f5ae898f6c <unknown>
#19 0x7fde97126ac3 <unknown>

INFO:root:ID : 13 , Type : shopee_brand_portal_ads , Link : https://brandportal.shopee.com/seller/mkt/my-ads-report/overall , Untuk Data Tanggal =  Year: 2024, Month: Jun, Day: 1
INFO:undetected_chromedriver.patcher:patching driver executable /home/rajab/.local/share/undetected_chromedriver/undetected_chromedriver
INFO:root:ID : 324 , Type : shopee_brand_portal_ads , Link : https://brandportal.shopee.com/seller/mkt/my-ads-report/overall , Untuk Data Tanggal =  Year: 2024, Month: May, Day: 16
INFO:root:Tanggal sudah terlewat minimal satu hari, melakukan export data 30 hari terakhir
ERROR:root:Terjadi kesalahan: Message: element not interactable: element has zero size
  (Session info: chrome=126.0.6478.55)
Stacktrace:
#0 0x5649a4b6f6aa <unknown>
#1 0x5649a48520dc <unknown>
#2 0x5649a489fcc3 <unknown>
#3 0x5649a489340f <unknown>
#4 0x5649a48c1872 <unknown>
#5 0x5649a4892d89 <unknown>
#6 0x5649a48c1a3e <unknown>
#7 0x5649a48e05c3 <unknown>
#8 0x5649a48c1613 <unknown>
#9 0x5649a48914f7 <unknown>
#10 0x5649a4891e4e <unknown>
#11 0x5649a4b3587b <unknown>
#12 0x5649a4b39921 <unknown>
#13 0x5649a4b2136e <unknown>
#14 0x5649a4b3a482 <unknown>
#15 0x5649a4b05ccf <unknown>
#16 0x5649a4b5f0a8 <unknown>
#17 0x5649a4b5f280 <unknown>
#18 0x5649a4b6e7dc <unknown>
#19 0x7ff8a4d51ac3 <unknown>

Traceback (most recent call last):
  File "/home/rajab/laravel/myproject/realco_dashboard/scripts/shopee_brand_portal_ads.py", line 54, in <module>
    click_select_timeframe.click()
  File "/home/rajab/.local/lib/python3.10/site-packages/selenium/webdriver/remote/webelement.py", line 94, in click
    self._execute(Command.CLICK_ELEMENT)
  File "/home/rajab/.local/lib/python3.10/site-packages/selenium/webdriver/remote/webelement.py", line 395, in _execute
    return self._parent.execute(command, params)
  File "/home/rajab/.local/lib/python3.10/site-packages/selenium/webdriver/remote/webdriver.py", line 346, in execute
    self.error_handler.check_response(response)
  File "/home/rajab/.local/lib/python3.10/site-packages/selenium/webdriver/remote/errorhandler.py", line 245, in check_response
    raise exception_class(message, screen, stacktrace)
selenium.common.exceptions.ElementNotInteractableException: Message: element not interactable: element has zero size
  (Session info: chrome=126.0.6478.55)
Stacktrace:
#0 0x5649a4b6f6aa <unknown>
#1 0x5649a48520dc <unknown>
#2 0x5649a489fcc3 <unknown>
#3 0x5649a489340f <unknown>
#4 0x5649a48c1872 <unknown>
#5 0x5649a4892d89 <unknown>
#6 0x5649a48c1a3e <unknown>
#7 0x5649a48e05c3 <unknown>
#8 0x5649a48c1613 <unknown>
#9 0x5649a48914f7 <unknown>
#10 0x5649a4891e4e <unknown>
#11 0x5649a4b3587b <unknown>
#12 0x5649a4b39921 <unknown>
#13 0x5649a4b2136e <unknown>
#14 0x5649a4b3a482 <unknown>
#15 0x5649a4b05ccf <unknown>
#16 0x5649a4b5f0a8 <unknown>
#17 0x5649a4b5f280 <unknown>
#18 0x5649a4b6e7dc <unknown>
#19 0x7ff8a4d51ac3 <unknown>


INFO:root:ID : 324 , Type : shopee_brand_portal_ads , Link : https://brandportal.shopee.com/seller/mkt/my-ads-report/overall , Untuk Data Tanggal =  Year: 2024, Month: May, Day: 16
INFO:root:Tanggal sudah terlewat minimal satu hari, melakukan export data 30 hari terakhir
INFO:root:ID : 325 , Type : shopee_brand_portal_ads , Link : https://brandportal.shopee.com/seller/mkt/my-ads-report/overall , Untuk Data Tanggal =  Year: 2024, Month: May, Day: 23
INFO:root:Tanggal sudah terlewat minimal satu hari, melakukan export data 30 hari terakhir
INFO:root:ID : 325 , Type : shopee_brand_portal_ads , Link : https://brandportal.shopee.com/seller/mkt/my-ads-report/overall , Untuk Data Tanggal =  Year: 2024, Month: May, Day: 23
INFO:root:Tanggal sudah terlewat minimal satu hari, melakukan export data 30 hari terakhir
INFO:root:ID : 325 , Type : shopee_brand_portal_ads , Link : https://brandportal.shopee.com/seller/mkt/my-ads-report/overall , Untuk Data Tanggal =  Year: 2024, Month: May, Day: 23
INFO:root:Tanggal sudah terlewat minimal satu hari, melakukan export data 30 hari terakhir
INFO:root:ID : 326 , Type : shopee_brand_portal_ads , Link : https://brandportal.shopee.com/seller/mkt/my-ads-report/overall , Untuk Data Tanggal =  Year: 2024, Month: May, Day: 30
INFO:root:Tanggal sudah terlewat minimal satu hari, melakukan export data 30 hari terakhir
INFO:root:ID : 326 , Type : shopee_brand_portal_ads , Link : https://brandportal.shopee.com/seller/mkt/my-ads-report/overall , Untuk Data Tanggal =  Year: 2024, Month: May, Day: 30
INFO:root:Tanggal sudah terlewat minimal satu hari, melakukan export data 30 hari terakhir
INFO:root:ID : 34 , Type : shopee_brand_portal_ads , Link : https://brandportal.shopee.com/seller/mkt/my-ads-report/overall , Untuk Data Tanggal =  Year: 2024, Month: May, Day: 25
INFO:root:Tanggal sudah terlewat minimal satu hari, melakukan export data 30 hari terakhir
INFO:root:ID : 33 , Type : shopee_brand_portal_ads , Link : https://brandportal.shopee.com/seller/mkt/my-ads-report/overall , Untuk Data Tanggal =  Year: 2024, Month: May, Day: 18
INFO:root:Tanggal sudah terlewat minimal satu hari, melakukan export data 30 hari terakhir
INFO:root:ID : 37 , Type : shopee_brand_portal_ads , Link : https://brandportal.shopee.com/seller/mkt/my-ads-report/overall , Untuk Data Tanggal =  Year: 2024, Month: Jun, Day: 15
INFO:root:Tanggal sudah terlewat minimal satu hari, melakukan export data 30 hari terakhir
INFO:root:ID : 33 , Type : shopee_brand_portal_ads , Link : https://brandportal.shopee.com/seller/mkt/my-ads-report/overall , Untuk Data Tanggal =  Year: 2024, Month: May, Day: 18
INFO:root:Tanggal sudah terlewat minimal satu hari, melakukan export data 30 hari terakhir
INFO:root:ID : 34 , Type : shopee_brand_portal_ads , Link : https://brandportal.shopee.com/seller/mkt/my-ads-report/overall , Untuk Data Tanggal =  Year: 2024, Month: May, Day: 25
INFO:root:Tanggal sudah terlewat minimal satu hari, melakukan export data 30 hari terakhir
INFO:root:ID : 35 , Type : shopee_brand_portal_ads , Link : https://brandportal.shopee.com/seller/mkt/my-ads-report/overall , Untuk Data Tanggal =  Year: 2024, Month: Jun, Day: 1
INFO:root:Tanggal sudah terlewat minimal satu hari, melakukan export data 30 hari terakhir
INFO:root:ID : 36 , Type : shopee_brand_portal_ads , Link : https://brandportal.shopee.com/seller/mkt/my-ads-report/overall , Untuk Data Tanggal =  Year: 2024, Month: Jun, Day: 8
INFO:root:Tanggal sudah terlewat minimal satu hari, melakukan export data 30 hari terakhir
INFO:root:ID : 37 , Type : shopee_brand_portal_ads , Link : https://brandportal.shopee.com/seller/mkt/my-ads-report/overall , Untuk Data Tanggal =  Year: 2024, Month: Jun, Day: 15
INFO:root:Tanggal sudah terlewat minimal satu hari, melakukan export data 30 hari terakhir
INFO:root:ID : 261 , Type : shopee_brand_portal_ads , Link : https://brandportal.shopee.com/seller/mkt/my-ads-report/overall , Untuk Data Tanggal =  Year: 2024, Month: May, Day: 19
INFO:root:Tanggal sudah terlewat minimal satu hari, melakukan export data 30 hari terakhir
INFO:root:ID : 33 , Type : shopee_brand_portal_ads , Link : https://brandportal.shopee.com/seller/mkt/my-ads-report/overall , Untuk Data Tanggal =  Year: 2024, Month: May, Day: 19
INFO:root:Tanggal sudah terlewat minimal satu hari, melakukan export data 30 hari terakhir
INFO:root:ID : 302 , Type : shopee_seller_center_live_streaming , Link : https://seller.shopee.co.id/datacenter/marketing/livestreaming , Untuk Data Tanggal =  Year: 2024, Month: May, Day: 20
ERROR:root:Terjadi kesalahan: Message: 
Stacktrace:
#0 0x55891748c6aa <unknown>
#1 0x55891716f0dc <unknown>
#2 0x5589171bb931 <unknown>
#3 0x5589171bba21 <unknown>
#4 0x558917200234 <unknown>
#5 0x5589171de89d <unknown>
#6 0x5589171fd5c3 <unknown>
#7 0x5589171de613 <unknown>
#8 0x5589171ae4f7 <unknown>
#9 0x5589171aee4e <unknown>
#10 0x55891745287b <unknown>
#11 0x558917456921 <unknown>
#12 0x55891743e36e <unknown>
#13 0x558917457482 <unknown>
#14 0x558917422ccf <unknown>
#15 0x55891747c0a8 <unknown>
#16 0x55891747c280 <unknown>
#17 0x55891748b7dc <unknown>
#18 0x7f0da8266ac3 <unknown>

Traceback (most recent call last):
  File "/home/rajab/laravel/myproject/realco_dashboard/scripts/shopee_seller_center_live_streaming.py", line 44, in <module>
    pilih_periode = wait.until(EC.element_to_be_clickable((By.XPATH, "//*[contains(text(), 'Periode Data')]")))
  File "/home/rajab/.local/lib/python3.10/site-packages/selenium/webdriver/support/wait.py", line 95, in until
    raise TimeoutException(message, screen, stacktrace)
selenium.common.exceptions.TimeoutException: Message: 
Stacktrace:
#0 0x55891748c6aa <unknown>
#1 0x55891716f0dc <unknown>
#2 0x5589171bb931 <unknown>
#3 0x5589171bba21 <unknown>
#4 0x558917200234 <unknown>
#5 0x5589171de89d <unknown>
#6 0x5589171fd5c3 <unknown>
#7 0x5589171de613 <unknown>
#8 0x5589171ae4f7 <unknown>
#9 0x5589171aee4e <unknown>
#10 0x55891745287b <unknown>
#11 0x558917456921 <unknown>
#12 0x55891743e36e <unknown>
#13 0x558917457482 <unknown>
#14 0x558917422ccf <unknown>
#15 0x55891747c0a8 <unknown>
#16 0x55891747c280 <unknown>
#17 0x55891748b7dc <unknown>
#18 0x7f0da8266ac3 <unknown>


INFO:root:ID : 33 , Type : shopee_brand_portal_ads , Link : https://brandportal.shopee.com/seller/mkt/my-ads-report/overall , Untuk Data Tanggal =  Year: 2024, Month: May, Day: 22
INFO:root:Tanggal sudah terlewat minimal satu hari, melakukan export data 30 hari terakhir
